\BOOKMARK [0][-]{section*.1}{\376\377\144\130\211\201}{}% 1
\BOOKMARK [0][-]{section*.2}{Abstract}{}% 2
\BOOKMARK [0][-]{section*.3}{Table\040of\040Contents}{}% 3
\BOOKMARK [0][-]{section*.4}{List\040of\040Figures}{}% 4
\BOOKMARK [0][-]{section*.5}{List\040of\040Tables}{}% 5
\BOOKMARK [0][-]{chapter.1}{Introduction}{}% 6
\BOOKMARK [1][-]{section.1.1}{\376\377\164\260\130\203\212\055\133\232}{chapter.1}% 7
\BOOKMARK [1][-]{section.1.2}{\376\377\225\213\117\177\133\353\117\134}{chapter.1}% 8
\BOOKMARK [1][-]{section.1.3}{\376\377\175\350\213\157}{chapter.1}% 9
\BOOKMARK [2][-]{subsection.1.3.1}{\376\377\175\350\213\157\143\007\116\344}{section.1.3}% 10
\BOOKMARK [2][-]{subsection.1.3.2}{\376\377\175\350\213\157\000\040\000m\000a\000i\000n\000.\000t\000e\000x}{section.1.3}% 11
\BOOKMARK [1][-]{section.1.4}{Synopsis}{chapter.1}% 12
\BOOKMARK [0][-]{chapter.2}{\376\377\000t\000h\000e\000s\000i\000s\000.\000c\000l\000s\000\040\174\041\116\313}{}% 13
\BOOKMARK [1][-]{section.2.1}{\376\377\134\001\227\142\214\307\212\012}{chapter.2}% 14
\BOOKMARK [1][-]{section.2.2}{\376\377\133\127\127\213\212\055\133\232}{chapter.2}% 15
\BOOKMARK [2][-]{subsection.2.2.1}{\376\377\230\020\212\055\202\361\145\207\133\127\127\213}{section.2.2}% 16
\BOOKMARK [2][-]{subsection.2.2.2}{\376\377\230\020\212\055\116\055\145\207\133\127\127\213}{section.2.2}% 17
\BOOKMARK [2][-]{subsection.2.2.3}{\376\377\117\356\145\071\230\020\212\055\133\127\127\213}{section.2.2}% 18
\BOOKMARK [1][-]{section.2.3}{Options\040provided\040by\040thesis.cls}{chapter.2}% 19
\BOOKMARK [2][-]{subsection.2.3.1}{\376\377\175\146\154\222\172\172\166\204\116\272\167\013\166\204\161\041\201\146\162\110\147\054}{section.2.3}% 20
\BOOKMARK [2][-]{subsection.2.3.2}{\376\377\212\163\175\060\162\110\166\204\000\040\000C\000l\000a\000s\000s\000\040\000O\000p\000t\000i\000o\000n\000s}{section.2.3}% 21
\BOOKMARK [1][-]{section.2.4}{\376\377\212\326\145\207\152\224\150\110\117\115\177\156}{chapter.2}% 22
\BOOKMARK [0][-]{chapter.3}{Section\040Ordering}{}% 23
\BOOKMARK [1][-]{section.3.1}{Section}{chapter.3}% 24
\BOOKMARK [2][-]{subsection.3.1.1}{Subsection}{section.3.1}% 25
\BOOKMARK [1][-]{section.3.2}{Section}{chapter.3}% 26
\BOOKMARK [0][-]{chapter.4}{Reference}{}% 27
\BOOKMARK [1][-]{section.4.1}{Citation}{chapter.4}% 28
\BOOKMARK [1][-]{section.4.2}{Quote}{chapter.4}% 29
\BOOKMARK [0][-]{chapter.5}{Figures\040and\040Tables}{}% 30
\BOOKMARK [1][-]{section.5.1}{Figures}{chapter.5}% 31
\BOOKMARK [1][-]{section.5.2}{Tables}{chapter.5}% 32
\BOOKMARK [0][-]{section*.10}{References}{}% 33
\BOOKMARK [0][-]{appendix.A}{\376\377\226\104\223\004\152\031\230\114}{}% 34
\BOOKMARK [1][-]{section.A.1}{Testing}{appendix.A}% 35
